SF:lib/core/error/failure.dart
DA:6,2
DA:8,1
DA:9,2
DA:13,1
DA:18,2
DA:25,1
LF:6
LH:6
end_of_record
SF:lib/app/constatns/hive_table_constants.dart
DA:2,0
LF:1
LH:0
end_of_record
SF:lib/core/network/hive_service.dart
DA:7,0
DA:9,0
DA:10,0
DA:12,0
DA:15,0
DA:19,1
DA:20,2
DA:21,2
DA:24,0
DA:25,0
DA:26,0
DA:29,1
DA:30,2
DA:31,2
DA:35,0
DA:36,0
DA:37,0
DA:38,0
DA:43,0
DA:44,0
DA:48,0
DA:49,0
DA:52,0
DA:53,0
LF:24
LH:6
end_of_record
SF:lib/features/auth/data/model/auth_hive_model.dart
DA:23,1
DA:29,0
DA:32,0
DA:40,0
DA:41,0
DA:42,0
DA:43,0
DA:44,0
DA:45,0
DA:46,0
DA:51,0
DA:52,0
DA:53,0
DA:54,0
DA:55,0
DA:56,0
DA:57,0
DA:61,0
DA:62,0
LF:19
LH:1
end_of_record
SF:lib/features/auth/data/model/auth_hive_model.g.dart
DA:13,0
DA:15,0
DA:16,0
DA:17,0
DA:19,0
DA:20,0
DA:21,0
DA:22,0
DA:23,0
DA:24,0
DA:28,1
DA:31,1
DA:32,1
DA:33,2
DA:34,1
DA:35,2
DA:36,1
DA:37,2
DA:38,1
DA:39,2
DA:40,1
DA:41,2
DA:44,0
DA:45,0
DA:47,0
DA:50,0
DA:51,0
DA:52,0
LF:28
LH:12
end_of_record
SF:lib/features/auth/domain/entity/auth_entity.dart
DA:10,17
DA:18,1
DA:19,6
LF:3
LH:3
end_of_record
SF:lib/app/widget/custom_elevated_button.dart
DA:4,1
DA:13,1
DA:15,1
DA:16,1
DA:17,2
LF:5
LH:5
end_of_record
SF:lib/app/widget/custom_text_formfield.dart
DA:4,1
DA:15,1
DA:17,1
DA:18,1
DA:19,1
DA:20,1
DA:22,1
DA:23,1
DA:24,2
LF:9
LH:9
end_of_record
SF:lib/features/home/view/bottom_view/cart.dart
DA:4,24
DA:6,2
DA:8,2
DA:11,2
DA:15,2
DA:38,2
DA:40,2
DA:41,2
DA:44,2
DA:49,2
DA:50,2
DA:70,11
DA:78,2
DA:80,2
DA:82,2
DA:83,2
DA:86,2
DA:88,2
DA:89,2
DA:90,2
DA:91,2
DA:97,2
DA:98,2
DA:105,2
DA:106,2
DA:112,2
DA:113,2
DA:114,2
DA:117,4
LF:29
LH:29
end_of_record
SF:lib/features/home/view/bottom_view/dashboard.dart
DA:7,0
DA:9,0
DA:10,0
DA:24,0
DA:25,0
DA:26,0
DA:30,0
DA:32,0
DA:34,0
DA:38,0
DA:40,0
DA:42,0
DA:43,0
DA:45,0
DA:49,0
DA:50,0
DA:52,0
DA:54,0
DA:55,0
DA:58,0
DA:60,0
DA:62,0
DA:63,0
DA:65,0
DA:66,0
DA:68,0
DA:70,0
DA:71,0
DA:73,0
DA:75,0
DA:76,0
DA:78,0
DA:80,0
DA:81,0
DA:92,22
DA:94,0
DA:95,0
DA:125,0
DA:127,0
DA:128,0
DA:129,0
DA:130,0
DA:131,0
DA:132,0
DA:133,0
DA:134,0
DA:136,0
DA:137,0
DA:139,0
DA:141,0
DA:143,0
DA:145,0
DA:147,0
DA:148,0
DA:149,0
DA:150,0
DA:156,0
DA:157,0
DA:158,0
DA:159,0
DA:160,0
DA:161,0
DA:162,0
DA:172,0
DA:174,0
DA:190,0
DA:192,0
DA:193,0
DA:196,0
DA:197,0
DA:198,0
DA:202,0
DA:205,0
DA:206,0
DA:207,0
DA:211,0
DA:214,0
DA:215,0
DA:216,0
DA:220,0
DA:223,0
DA:224,0
DA:225,0
DA:229,0
DA:232,0
DA:233,0
DA:234,0
DA:242,0
DA:244,0
DA:253,0
DA:254,0
DA:257,0
DA:259,0
DA:260,0
DA:269,0
DA:270,0
DA:271,0
DA:272,0
DA:273,0
DA:274,0
DA:275,0
DA:277,0
DA:292,0
DA:305,0
DA:312,0
DA:314,0
DA:315,0
DA:316,0
DA:317,0
DA:318,0
DA:319,0
DA:321,0
DA:322,0
DA:323,0
DA:324,0
DA:331,0
DA:334,0
DA:348,1
DA:356,1
DA:358,1
DA:359,0
DA:361,0
DA:369,1
DA:371,1
DA:373,1
DA:374,1
DA:375,1
DA:376,1
DA:383,1
DA:384,1
DA:385,1
DA:386,1
DA:393,1
DA:395,1
DA:396,2
DA:399,2
DA:405,2
DA:424,1
DA:431,1
DA:433,1
DA:434,1
DA:435,1
DA:436,1
DA:438,2
DA:439,2
LF:145
LH:27
end_of_record
SF:lib/features/home/view_model/home/home_cubit.dart
DA:10,0
DA:12,0
DA:13,0
DA:16,0
DA:18,0
DA:19,0
DA:20,0
DA:22,0
DA:23,0
DA:24,0
LF:10
LH:0
end_of_record
SF:lib/app/constatns/api_endpoints.dart
DA:2,0
LF:1
LH:0
end_of_record
SF:lib/app/di/di.dart
DA:17,0
DA:19,0
DA:21,0
DA:22,0
DA:23,0
DA:24,0
DA:25,0
DA:27,0
DA:30,0
DA:31,0
DA:34,0
DA:36,0
DA:37,0
DA:41,0
DA:43,0
DA:44,0
DA:48,0
DA:49,0
DA:53,0
DA:54,0
DA:58,0
DA:59,0
DA:62,0
DA:63,0
DA:64,0
DA:69,0
DA:70,0
DA:71,0
DA:76,0
DA:77,0
DA:78,0
DA:79,0
DA:84,0
DA:85,0
DA:86,0
DA:90,0
DA:91,0
DA:92,0
DA:93,0
DA:97,0
DA:98,0
DA:99,0
DA:100,0
DA:101,0
DA:106,0
DA:107,0
DA:108,0
LF:47
LH:0
end_of_record
SF:lib/core/network/api_service.dart
DA:9,0
DA:11,0
DA:12,0
DA:13,0
DA:14,0
DA:15,0
DA:16,0
DA:17,0
DA:19,0
LF:9
LH:0
end_of_record
SF:lib/features/auth/data/data_source/auth_remote_datasource/auth_remote_datasource.dart
DA:12,1
DA:14,1
DA:17,2
DA:18,1
DA:19,1
DA:20,1
DA:21,1
DA:22,1
DA:23,1
DA:27,0
DA:30,0
DA:32,1
DA:33,3
DA:35,0
DA:39,1
DA:42,0
DA:43,2
DA:46,0
DA:47,0
DA:51,0
DA:52,0
DA:54,0
DA:57,3
DA:61,1
DA:65,4
DA:70,0
DA:71,0
DA:72,0
DA:73,0
DA:75,0
DA:78,3
DA:82,0
DA:85,0
DA:86,0
DA:87,0
DA:89,0
DA:92,0
DA:96,0
DA:99,0
DA:100,0
DA:102,0
DA:103,0
DA:104,0
DA:105,0
DA:109,0
DA:110,0
DA:112,0
DA:113,0
DA:114,0
DA:115,0
DA:116,0
DA:120,0
DA:123,0
LF:53
LH:17
end_of_record
SF:lib/features/auth/data/data_source/local_data_source/auth_local_datasource.dart
DA:12,0
DA:14,0
DA:17,0
DA:39,0
DA:42,0
DA:43,0
DA:45,0
DA:49,0
DA:52,0
DA:53,0
DA:54,0
DA:56,0
DA:60,0
DA:63,0
LF:14
LH:0
end_of_record
SF:lib/features/auth/data/repository/auth_local_repository.dart
DA:12,0
DA:14,0
DA:17,0
DA:18,0
DA:20,0
DA:21,0
DA:36,0
DA:40,0
DA:41,0
DA:43,0
DA:44,0
DA:48,0
DA:51,0
DA:54,0
DA:55,0
DA:59,0
DA:62,0
DA:63,0
DA:65,0
LF:19
LH:0
end_of_record
SF:lib/features/auth/data/repository/auth_remote_repository.dart
DA:12,1
DA:14,1
DA:17,2
DA:18,1
DA:20,3
DA:24,1
DA:28,2
DA:29,1
DA:30,1
DA:31,4
DA:33,0
DA:37,1
DA:40,2
DA:42,1
DA:43,4
DA:45,0
DA:49,1
DA:52,2
DA:53,1
DA:54,1
DA:55,4
DA:57,0
LF:22
LH:19
end_of_record
SF:lib/features/auth/domain/use_case/login_usecase.dart
DA:11,3
DA:17,0
DA:21,0
DA:22,0
DA:28,1
DA:30,1
DA:33,4
LF:7
LH:4
end_of_record
SF:lib/features/auth/domain/use_case/register_user_usecase.dart
DA:15,1
DA:23,0
DA:30,0
DA:31,0
DA:37,1
DA:39,1
DA:41,1
DA:42,1
DA:43,1
DA:44,1
DA:45,1
DA:47,2
LF:12
LH:9
end_of_record
SF:lib/features/auth/domain/use_case/upload_image_usecase.dart
DA:11,1
DA:20,1
DA:22,1
DA:24,3
LF:4
LH:4
end_of_record
SF:lib/features/auth/presentation/view_model/login/login_state.dart
DA:7,0
DA:12,2
DA:16,0
DA:20,0
DA:21,0
DA:22,0
LF:6
LH:1
end_of_record
SF:lib/features/auth/presentation/view_model/login/login_event.dart
DA:4,0
DA:6,0
DA:7,0
DA:14,0
DA:24,0
DA:35,0
LF:6
LH:0
end_of_record
SF:lib/features/auth/presentation/view_model/login/login_bloc.dart
DA:19,2
DA:26,4
DA:27,2
DA:28,0
DA:29,0
DA:30,0
DA:31,0
DA:32,0
DA:33,0
DA:34,0
DA:36,0
DA:43,2
DA:44,0
DA:45,0
DA:46,0
DA:47,0
DA:48,0
DA:49,0
DA:50,0
DA:57,2
DA:58,0
DA:59,0
DA:60,0
DA:61,0
DA:62,0
DA:63,0
DA:67,0
DA:68,0
DA:69,0
DA:70,0
DA:71,0
DA:72,0
DA:76,0
DA:77,0
DA:78,0
DA:79,0
DA:80,0
LF:37
LH:5
end_of_record
SF:lib/features/auth/presentation/view_model/signup/register_event.dart
DA:49,0
DA:50,0
DA:60,0
DA:67,0
DA:68,0
DA:75,0
DA:77,0
DA:78,0
LF:8
LH:0
end_of_record
SF:lib/features/auth/presentation/view_model/signup/register_state.dart
DA:43,11
DA:49,0
DA:57,0
DA:62,0
DA:63,0
DA:64,0
DA:65,0
DA:69,0
DA:70,0
LF:9
LH:1
end_of_record
SF:lib/features/auth/presentation/view_model/signup/register_bloc.dart
DA:106,0
DA:111,0
DA:112,0
DA:113,0
DA:117,0
DA:121,0
DA:123,0
DA:124,0
DA:125,0
DA:126,0
DA:127,0
DA:130,0
DA:131,0
DA:132,0
DA:133,0
DA:136,0
DA:137,0
DA:138,0
DA:142,0
DA:143,0
DA:144,0
DA:145,0
DA:146,0
DA:147,0
DA:159,0
DA:163,0
DA:165,0
DA:166,0
DA:167,0
DA:171,0
DA:172,0
DA:173,0
DA:174,0
LF:33
LH:0
end_of_record
SF:lib/features/splash/presentation/view_model/splash_cubit.dart
DA:7,0
DA:11,0
DA:12,0
DA:15,0
DA:16,0
DA:18,0
DA:19,0
LF:7
LH:0
end_of_record
SF:lib/core/common/snackbar/my_snackbar.dart
DA:3,0
DA:8,0
DA:10,0
DA:11,0
DA:12,0
LF:5
LH:0
end_of_record
SF:lib/core/network/dio_error_interceptor.dart
DA:4,0
DA:6,0
DA:8,0
DA:9,0
DA:10,0
DA:11,0
DA:12,0
DA:13,0
DA:16,0
DA:17,0
DA:18,0
DA:20,0
DA:25,0
DA:26,0
DA:28,0
DA:31,0
LF:16
LH:0
end_of_record
SF:lib/features/auth/presentation/view/login_page.dart
DA:10,55
DA:12,0
DA:13,0
DA:22,0
DA:24,0
DA:26,0
DA:27,0
DA:29,0
DA:30,0
DA:31,0
DA:32,0
DA:33,0
DA:35,0
DA:36,0
DA:55,0
DA:56,0
DA:59,0
DA:60,0
DA:65,0
DA:66,0
DA:67,0
DA:68,0
DA:75,0
DA:76,0
DA:77,0
DA:82,0
DA:83,0
DA:84,0
DA:90,0
DA:91,0
DA:96,0
DA:97,0
DA:98,0
DA:99,0
DA:100,0
DA:102,0
DA:103,0
DA:108,0
DA:111,0
DA:112,0
DA:126,0
DA:128,0
DA:133,0
DA:134,0
DA:135,0
DA:137,0
DA:138,0
DA:139,0
DA:140,0
DA:168,0
DA:174,0
DA:176,0
DA:180,0
LF:53
LH:1
end_of_record
SF:lib/features/auth/presentation/view/signup_page.dart
DA:12,12
DA:14,1
DA:15,1
DA:29,0
DA:30,0
DA:32,0
DA:33,0
DA:38,1
DA:39,1
DA:40,1
DA:41,2
DA:44,1
DA:45,1
DA:51,1
DA:53,1
DA:54,1
DA:55,0
DA:56,0
DA:57,0
DA:62,1
DA:63,0
DA:64,0
DA:65,0
DA:78,1
DA:80,1
DA:82,1
DA:83,1
DA:85,1
DA:86,1
DA:87,1
DA:89,1
DA:91,1
DA:92,1
DA:93,1
DA:95,1
DA:96,1
DA:97,1
DA:121,1
DA:122,1
DA:123,1
DA:129,1
DA:132,1
DA:133,1
DA:138,1
DA:139,1
DA:141,1
DA:147,1
DA:150,1
DA:151,1
DA:156,1
DA:157,1
DA:159,1
DA:165,1
DA:168,1
DA:169,1
DA:174,1
DA:175,1
DA:177,1
DA:183,1
DA:186,1
DA:187,1
DA:189,3
DA:197,1
DA:198,1
DA:199,3
DA:200,0
DA:201,0
DA:203,0
DA:204,0
DA:205,0
DA:211,0
DA:220,1
DA:223,1
DA:224,1
DA:238,1
DA:240,1
DA:245,1
DA:246,0
DA:247,0
DA:249,0
DA:250,0
DA:251,0
LF:82
LH:61
end_of_record
SF:lib/features/home/view/home_view.dart
DA:8,11
DA:10,0
DA:11,0
DA:24,0
DA:25,0
DA:26,0
DA:30,0
DA:32,0
DA:34,0
DA:38,0
DA:40,0
DA:42,0
DA:43,0
DA:45,0
DA:49,0
DA:50,0
DA:51,0
DA:53,0
DA:54,0
DA:57,0
DA:59,0
DA:61,0
DA:62,0
DA:64,0
DA:65,0
DA:67,0
DA:69,0
DA:70,0
DA:72,0
DA:74,0
DA:75,0
DA:77,0
DA:79,0
DA:80,0
LF:34
LH:1
end_of_record
SF:lib/features/home/view/bottom_view/all_gadgets_page.dart
DA:8,22
DA:10,0
DA:11,0
DA:19,0
DA:21,0
DA:22,0
DA:23,0
DA:26,0
DA:27,0
DA:28,0
DA:32,0
DA:33,0
DA:34,0
DA:37,0
DA:38,0
DA:39,0
DA:40,0
DA:41,0
DA:44,0
DA:45,0
DA:46,0
DA:47,0
DA:48,0
DA:58,0
DA:61,0
DA:62,0
DA:63,0
DA:64,0
DA:65,0
DA:67,0
DA:73,0
DA:74,0
DA:76,0
DA:80,0
DA:81,0
DA:82,0
DA:83,0
DA:85,0
DA:104,0
DA:110,0
DA:112,0
DA:114,0
DA:115,0
DA:117,0
DA:121,0
DA:123,0
DA:124,0
DA:125,0
DA:126,0
DA:127,0
DA:128,0
DA:129,0
DA:131,0
DA:132,0
DA:133,0
DA:134,0
DA:146,0
DA:148,0
DA:149,0
DA:152,0
DA:153,0
DA:155,0
DA:156,0
DA:157,0
DA:158,0
DA:161,0
DA:162,0
DA:164,0
DA:166,0
DA:167,0
DA:170,0
DA:171,0
DA:176,0
DA:177,0
DA:178,0
DA:181,0
DA:182,0
DA:185,0
DA:186,0
DA:188,0
DA:191,0
DA:193,0
DA:196,0
DA:197,0
DA:216,0
DA:223,0
DA:225,0
DA:227,0
DA:229,0
DA:230,0
DA:231,0
DA:232,0
DA:233,0
DA:234,0
DA:235,0
DA:237,0
DA:244,0
DA:246,0
DA:247,0
DA:248,0
DA:252,0
LF:101
LH:1
end_of_record
SF:lib/features/home/view/bottom_view/profile_page.dart
DA:13,22
DA:15,0
DA:16,0
DA:29,0
DA:31,0
DA:32,0
DA:35,0
DA:36,0
DA:37,0
DA:38,0
DA:41,0
DA:42,0
DA:43,0
DA:47,0
DA:50,0
DA:51,0
DA:55,0
DA:56,0
DA:57,0
DA:62,0
DA:65,0
DA:66,0
DA:67,0
DA:68,0
DA:69,0
DA:76,0
DA:78,0
DA:80,0
DA:83,0
DA:86,0
DA:88,0
DA:90,0
DA:91,0
DA:92,0
DA:96,0
DA:98,0
DA:99,0
DA:100,0
DA:103,0
DA:104,0
DA:105,0
DA:111,0
DA:112,0
DA:113,0
DA:114,0
DA:116,0
DA:117,0
DA:118,0
DA:119,0
DA:123,0
DA:130,0
DA:132,0
DA:133,0
DA:134,0
DA:136,0
DA:138,0
DA:140,0
DA:142,0
DA:144,0
DA:145,0
DA:152,0
DA:153,0
DA:154,0
DA:164,0
DA:165,0
DA:166,0
DA:175,0
DA:176,0
DA:177,0
DA:181,0
DA:182,0
DA:186,0
DA:188,0
DA:199,0
DA:200,0
DA:201,0
DA:203,0
DA:204,0
DA:205,0
LF:79
LH:1
end_of_record
SF:lib/features/home/view/bottom_view/onboard_screen.dart
DA:8,11
DA:10,0
DA:11,0
DA:36,0
DA:37,0
DA:38,0
DA:39,0
DA:40,0
DA:41,0
DA:48,0
DA:50,0
DA:52,0
DA:53,0
DA:55,0
DA:56,0
DA:57,0
DA:58,0
DA:59,0
DA:62,0
DA:66,0
DA:67,0
DA:70,0
DA:71,0
DA:72,0
DA:77,0
DA:78,0
DA:89,0
DA:93,0
DA:95,0
DA:96,0
DA:97,0
DA:103,0
DA:104,0
DA:108,0
DA:109,0
DA:110,0
DA:114,0
DA:115,0
DA:130,0
DA:131,0
DA:133,0
DA:135,0
DA:136,0
DA:137,0
DA:148,11
DA:155,0
DA:157,0
DA:159,0
DA:161,0
DA:162,0
DA:163,0
DA:168,0
DA:169,0
DA:178,0
DA:179,0
LF:55
LH:2
end_of_record
SF:lib/features/home/view_model/home/home_state.dart
DA:8,11
DA:14,0
DA:28,0
DA:32,0
DA:33,0
DA:34,0
DA:38,0
DA:39,0
LF:8
LH:1
end_of_record
